<?xml version="1.0" encoding="UTF-8"?>
<testsuite xmlns:xsi="http://www.w3.org/2001/XMLSchema-instance" xsi:noNamespaceSchemaLocation="https://maven.apache.org/surefire/maven-surefire-plugin/xsd/surefire-test-report-3.0.xsd" version="3.0" name="learningJUnit5.Test.DemoUtilTest" time="0.117" tests="5" errors="0" skipped="0" failures="0">
  <properties>
[...]
</properties>
  <testcase name="checking boolean method" classname="learningJUnit5.Test.DemoUtilTest" time="0.046">
    <system-out><![CDATA[this method will execute once before all remaining methods.the method annotated with @BeforeAll should be static
make new instance of demoutils before each test
all test done successfully
]]></system-out>
  </testcase>
  <testcase name="test null method" classname="learningJUnit5.Test.DemoUtilTest" time="0.006">
    <system-out><![CDATA[make new instance of demoutils before each test
all test done successfully
]]></system-out>
  </testcase>
  <testcase name="test adding method" classname="learningJUnit5.Test.DemoUtilTest" time="0.002">
    <system-out><![CDATA[make new instance of demoutils before each test
all test done successfully
]]></system-out>
  </testcase>
  <testcase name="check give collection is same or not" classname="learningJUnit5.Test.DemoUtilTest" time="0.008">
    <system-out><![CDATA[make new instance of demoutils before each test
all test done successfully
]]></system-out>
  </testcase>
  <testcase name="same or not" classname="learningJUnit5.Test.DemoUtilTest" time="0.002">
    <system-out><![CDATA[make new instance of demoutils before each test
all test done successfully
]]></system-out>
  </testcase>
</testsuite>